current directory: /home/ec2-user/RealWorld/shared/bundle/ruby/3.2.0/gems/websocket-driver-0.7.5/ext/websocket-driver
/home/ec2-user/.rbenv/versions/3.2.0/bin/ruby -I /home/ec2-user/.rbenv/versions/3.2.0/lib/ruby/3.2.0 extconf.rb
creating Makefile

current directory: /home/ec2-user/RealWorld/shared/bundle/ruby/3.2.0/gems/websocket-driver-0.7.5/ext/websocket-driver
make DESTDIR\= sitearchdir\=./.gem.20230613-77521-o18x21 sitelibdir\=./.gem.20230613-77521-o18x21 clean

current directory: /home/ec2-user/RealWorld/shared/bundle/ruby/3.2.0/gems/websocket-driver-0.7.5/ext/websocket-driver
make DESTDIR\= sitearchdir\=./.gem.20230613-77521-o18x21 sitelibdir\=./.gem.20230613-77521-o18x21
compiling websocket_mask.c
websocket_mask.c: In function ‘Init_websocket_mask’:
websocket_mask.c:26:6: warning: old-style function definition [-Wold-style-definition]
   26 | void Init_websocket_mask()
      |      ^~~~~~~~~~~~~~~~~~~
websocket_mask.c: At top level:
cc1: note: unrecognized command-line option ‘-Wno-self-assign’ may have been intended to silence earlier diagnostics
cc1: note: unrecognized command-line option ‘-Wno-parentheses-equality’ may have been intended to silence earlier diagnostics
cc1: note: unrecognized command-line option ‘-Wno-constant-logical-operand’ may have been intended to silence earlier diagnostics
linking shared-object websocket_mask.so

current directory: /home/ec2-user/RealWorld/shared/bundle/ruby/3.2.0/gems/websocket-driver-0.7.5/ext/websocket-driver
make DESTDIR\= sitearchdir\=./.gem.20230613-77521-o18x21 sitelibdir\=./.gem.20230613-77521-o18x21 install
/usr/bin/install -c -m 0755 websocket_mask.so ./.gem.20230613-77521-o18x21

current directory: /home/ec2-user/RealWorld/shared/bundle/ruby/3.2.0/gems/websocket-driver-0.7.5/ext/websocket-driver
make DESTDIR\= sitearchdir\=./.gem.20230613-77521-o18x21 sitelibdir\=./.gem.20230613-77521-o18x21 clean
