=== puma startup: 2023-06-14 07:32:42 +0000 ===
bundler: failed to load command: puma (/home/ec2-user/.rbenv/versions/3.2.0/bin/puma)
/home/ec2-user/.rbenv/versions/3.2.0/lib/ruby/gems/3.2.0/gems/puma-5.6.5/lib/puma/launcher.rb:259:in `write': No such file or directory @ rb_sysopen - /home/ec2-user/RealWorld/shared/pids/puma.pid (Errno::ENOENT)
	from /home/ec2-user/.rbenv/versions/3.2.0/lib/ruby/gems/3.2.0/gems/puma-5.6.5/lib/puma/launcher.rb:259:in `write_pid'
	from /home/ec2-user/.rbenv/versions/3.2.0/lib/ruby/gems/3.2.0/gems/puma-5.6.5/lib/puma/launcher.rb:112:in `write_state'
	from /home/ec2-user/.rbenv/versions/3.2.0/lib/ruby/gems/3.2.0/gems/puma-5.6.5/lib/puma/cluster.rb:406:in `run'
	from /home/ec2-user/.rbenv/versions/3.2.0/lib/ruby/gems/3.2.0/gems/puma-5.6.5/lib/puma/launcher.rb:193:in `run'
	from /home/ec2-user/.rbenv/versions/3.2.0/lib/ruby/gems/3.2.0/gems/puma-5.6.5/lib/puma/cli.rb:81:in `run'
	from /home/ec2-user/.rbenv/versions/3.2.0/lib/ruby/gems/3.2.0/gems/puma-5.6.5/bin/puma:10:in `<top (required)>'
	from /home/ec2-user/.rbenv/versions/3.2.0/bin/puma:25:in `load'
	from /home/ec2-user/.rbenv/versions/3.2.0/bin/puma:25:in `<top (required)>'
	from /home/ec2-user/.rbenv/versions/3.2.0/lib/ruby/gems/3.2.0/gems/bundler-2.4.12/lib/bundler/cli/exec.rb:58:in `load'
	from /home/ec2-user/.rbenv/versions/3.2.0/lib/ruby/gems/3.2.0/gems/bundler-2.4.12/lib/bundler/cli/exec.rb:58:in `kernel_load'
	from /home/ec2-user/.rbenv/versions/3.2.0/lib/ruby/gems/3.2.0/gems/bundler-2.4.12/lib/bundler/cli/exec.rb:23:in `run'
	from /home/ec2-user/.rbenv/versions/3.2.0/lib/ruby/gems/3.2.0/gems/bundler-2.4.12/lib/bundler/cli.rb:492:in `exec'
	from /home/ec2-user/.rbenv/versions/3.2.0/lib/ruby/gems/3.2.0/gems/bundler-2.4.12/lib/bundler/vendor/thor/lib/thor/command.rb:27:in `run'
	from /home/ec2-user/.rbenv/versions/3.2.0/lib/ruby/gems/3.2.0/gems/bundler-2.4.12/lib/bundler/vendor/thor/lib/thor/invocation.rb:127:in `invoke_command'
	from /home/ec2-user/.rbenv/versions/3.2.0/lib/ruby/gems/3.2.0/gems/bundler-2.4.12/lib/bundler/vendor/thor/lib/thor.rb:392:in `dispatch'
	from /home/ec2-user/.rbenv/versions/3.2.0/lib/ruby/gems/3.2.0/gems/bundler-2.4.12/lib/bundler/cli.rb:34:in `dispatch'
	from /home/ec2-user/.rbenv/versions/3.2.0/lib/ruby/gems/3.2.0/gems/bundler-2.4.12/lib/bundler/vendor/thor/lib/thor/base.rb:485:in `start'
	from /home/ec2-user/.rbenv/versions/3.2.0/lib/ruby/gems/3.2.0/gems/bundler-2.4.12/lib/bundler/cli.rb:28:in `start'
	from /home/ec2-user/.rbenv/versions/3.2.0/lib/ruby/gems/3.2.0/gems/bundler-2.4.12/exe/bundle:45:in `block in <top (required)>'
	from /home/ec2-user/.rbenv/versions/3.2.0/lib/ruby/gems/3.2.0/gems/bundler-2.4.12/lib/bundler/friendly_errors.rb:117:in `with_friendly_errors'
	from /home/ec2-user/.rbenv/versions/3.2.0/lib/ruby/gems/3.2.0/gems/bundler-2.4.12/exe/bundle:33:in `<top (required)>'
	from /home/ec2-user/.rbenv/versions/3.2.0/bin/bundle:25:in `load'
	from /home/ec2-user/.rbenv/versions/3.2.0/bin/bundle:25:in `<main>'
=== puma startup: 2023-06-14 07:54:25 +0000 ===
bundler: failed to load command: puma (/home/ec2-user/.rbenv/versions/3.2.0/bin/puma)
/home/ec2-user/.rbenv/versions/3.2.0/lib/ruby/gems/3.2.0/gems/puma-5.6.5/lib/puma/launcher.rb:259:in `write': No such file or directory @ rb_sysopen - /home/ec2-user/RealWorld/shared/pids/puma.pid (Errno::ENOENT)
	from /home/ec2-user/.rbenv/versions/3.2.0/lib/ruby/gems/3.2.0/gems/puma-5.6.5/lib/puma/launcher.rb:259:in `write_pid'
	from /home/ec2-user/.rbenv/versions/3.2.0/lib/ruby/gems/3.2.0/gems/puma-5.6.5/lib/puma/launcher.rb:112:in `write_state'
	from /home/ec2-user/.rbenv/versions/3.2.0/lib/ruby/gems/3.2.0/gems/puma-5.6.5/lib/puma/cluster.rb:406:in `run'
	from /home/ec2-user/.rbenv/versions/3.2.0/lib/ruby/gems/3.2.0/gems/puma-5.6.5/lib/puma/launcher.rb:193:in `run'
	from /home/ec2-user/.rbenv/versions/3.2.0/lib/ruby/gems/3.2.0/gems/puma-5.6.5/lib/puma/cli.rb:81:in `run'
	from /home/ec2-user/.rbenv/versions/3.2.0/lib/ruby/gems/3.2.0/gems/puma-5.6.5/bin/puma:10:in `<top (required)>'
	from /home/ec2-user/.rbenv/versions/3.2.0/bin/puma:25:in `load'
	from /home/ec2-user/.rbenv/versions/3.2.0/bin/puma:25:in `<top (required)>'
	from /home/ec2-user/.rbenv/versions/3.2.0/lib/ruby/gems/3.2.0/gems/bundler-2.4.12/lib/bundler/cli/exec.rb:58:in `load'
	from /home/ec2-user/.rbenv/versions/3.2.0/lib/ruby/gems/3.2.0/gems/bundler-2.4.12/lib/bundler/cli/exec.rb:58:in `kernel_load'
	from /home/ec2-user/.rbenv/versions/3.2.0/lib/ruby/gems/3.2.0/gems/bundler-2.4.12/lib/bundler/cli/exec.rb:23:in `run'
	from /home/ec2-user/.rbenv/versions/3.2.0/lib/ruby/gems/3.2.0/gems/bundler-2.4.12/lib/bundler/cli.rb:492:in `exec'
	from /home/ec2-user/.rbenv/versions/3.2.0/lib/ruby/gems/3.2.0/gems/bundler-2.4.12/lib/bundler/vendor/thor/lib/thor/command.rb:27:in `run'
	from /home/ec2-user/.rbenv/versions/3.2.0/lib/ruby/gems/3.2.0/gems/bundler-2.4.12/lib/bundler/vendor/thor/lib/thor/invocation.rb:127:in `invoke_command'
	from /home/ec2-user/.rbenv/versions/3.2.0/lib/ruby/gems/3.2.0/gems/bundler-2.4.12/lib/bundler/vendor/thor/lib/thor.rb:392:in `dispatch'
	from /home/ec2-user/.rbenv/versions/3.2.0/lib/ruby/gems/3.2.0/gems/bundler-2.4.12/lib/bundler/cli.rb:34:in `dispatch'
	from /home/ec2-user/.rbenv/versions/3.2.0/lib/ruby/gems/3.2.0/gems/bundler-2.4.12/lib/bundler/vendor/thor/lib/thor/base.rb:485:in `start'
	from /home/ec2-user/.rbenv/versions/3.2.0/lib/ruby/gems/3.2.0/gems/bundler-2.4.12/lib/bundler/cli.rb:28:in `start'
	from /home/ec2-user/.rbenv/versions/3.2.0/lib/ruby/gems/3.2.0/gems/bundler-2.4.12/exe/bundle:45:in `block in <top (required)>'
	from /home/ec2-user/.rbenv/versions/3.2.0/lib/ruby/gems/3.2.0/gems/bundler-2.4.12/lib/bundler/friendly_errors.rb:117:in `with_friendly_errors'
	from /home/ec2-user/.rbenv/versions/3.2.0/lib/ruby/gems/3.2.0/gems/bundler-2.4.12/exe/bundle:33:in `<top (required)>'
	from /home/ec2-user/.rbenv/versions/3.2.0/bin/bundle:25:in `load'
	from /home/ec2-user/.rbenv/versions/3.2.0/bin/bundle:25:in `<main>'
=== puma startup: 2023-06-14 08:10:21 +0000 ===
/home/ec2-user/.rbenv/versions/3.2.0/lib/ruby/gems/3.2.0/gems/puma-5.6.5/lib/puma/launcher.rb:259:in `write': No such file or directory @ rb_sysopen - /home/ec2-user/RealWorld/shared/pids/puma.pid (Errno::ENOENT)
	from /home/ec2-user/.rbenv/versions/3.2.0/lib/ruby/gems/3.2.0/gems/puma-5.6.5/lib/puma/launcher.rb:259:in `write_pid'
	from /home/ec2-user/.rbenv/versions/3.2.0/lib/ruby/gems/3.2.0/gems/puma-5.6.5/lib/puma/launcher.rb:112:in `write_state'
	from /home/ec2-user/.rbenv/versions/3.2.0/lib/ruby/gems/3.2.0/gems/puma-5.6.5/lib/puma/cluster.rb:406:in `run'
	from /home/ec2-user/.rbenv/versions/3.2.0/lib/ruby/gems/3.2.0/gems/puma-5.6.5/lib/puma/launcher.rb:193:in `run'
	from /home/ec2-user/.rbenv/versions/3.2.0/lib/ruby/gems/3.2.0/gems/puma-5.6.5/lib/rack/handler/puma.rb:72:in `run'
	from /home/ec2-user/.rbenv/versions/3.2.0/lib/ruby/gems/3.2.0/gems/rack-2.2.7/lib/rack/server.rb:327:in `start'
	from /home/ec2-user/.rbenv/versions/3.2.0/lib/ruby/gems/3.2.0/gems/railties-7.0.5/lib/rails/commands/server/server_command.rb:38:in `start'
	from /home/ec2-user/.rbenv/versions/3.2.0/lib/ruby/gems/3.2.0/gems/railties-7.0.5/lib/rails/commands/server/server_command.rb:143:in `block in perform'
	from <internal:kernel>:90:in `tap'
	from /home/ec2-user/.rbenv/versions/3.2.0/lib/ruby/gems/3.2.0/gems/railties-7.0.5/lib/rails/commands/server/server_command.rb:134:in `perform'
	from /home/ec2-user/.rbenv/versions/3.2.0/lib/ruby/gems/3.2.0/gems/thor-1.2.2/lib/thor/command.rb:27:in `run'
	from /home/ec2-user/.rbenv/versions/3.2.0/lib/ruby/gems/3.2.0/gems/thor-1.2.2/lib/thor/invocation.rb:127:in `invoke_command'
	from /home/ec2-user/.rbenv/versions/3.2.0/lib/ruby/gems/3.2.0/gems/thor-1.2.2/lib/thor.rb:392:in `dispatch'
	from /home/ec2-user/.rbenv/versions/3.2.0/lib/ruby/gems/3.2.0/gems/railties-7.0.5/lib/rails/command/base.rb:87:in `perform'
	from /home/ec2-user/.rbenv/versions/3.2.0/lib/ruby/gems/3.2.0/gems/railties-7.0.5/lib/rails/command.rb:48:in `invoke'
	from /home/ec2-user/.rbenv/versions/3.2.0/lib/ruby/gems/3.2.0/gems/railties-7.0.5/lib/rails/commands.rb:18:in `<main>'
	from /home/ec2-user/.rbenv/versions/3.2.0/lib/ruby/gems/3.2.0/gems/bootsnap-1.16.0/lib/bootsnap/load_path_cache/core_ext/kernel_require.rb:32:in `require'
	from /home/ec2-user/.rbenv/versions/3.2.0/lib/ruby/gems/3.2.0/gems/bootsnap-1.16.0/lib/bootsnap/load_path_cache/core_ext/kernel_require.rb:32:in `require'
	from bin/rails:4:in `<main>'
=== puma startup: 2023-06-14 08:18:00 +0000 ===
bundler: failed to load command: puma (/home/ec2-user/.rbenv/versions/3.2.0/bin/puma)
/home/ec2-user/.rbenv/versions/3.2.0/lib/ruby/gems/3.2.0/gems/puma-5.6.5/lib/puma/launcher.rb:259:in `write': No such file or directory @ rb_sysopen - /home/ec2-user/RealWorld/shared/pids/puma.pid (Errno::ENOENT)
	from /home/ec2-user/.rbenv/versions/3.2.0/lib/ruby/gems/3.2.0/gems/puma-5.6.5/lib/puma/launcher.rb:259:in `write_pid'
	from /home/ec2-user/.rbenv/versions/3.2.0/lib/ruby/gems/3.2.0/gems/puma-5.6.5/lib/puma/launcher.rb:112:in `write_state'
	from /home/ec2-user/.rbenv/versions/3.2.0/lib/ruby/gems/3.2.0/gems/puma-5.6.5/lib/puma/cluster.rb:406:in `run'
	from /home/ec2-user/.rbenv/versions/3.2.0/lib/ruby/gems/3.2.0/gems/puma-5.6.5/lib/puma/launcher.rb:193:in `run'
	from /home/ec2-user/.rbenv/versions/3.2.0/lib/ruby/gems/3.2.0/gems/puma-5.6.5/lib/puma/cli.rb:81:in `run'
	from /home/ec2-user/.rbenv/versions/3.2.0/lib/ruby/gems/3.2.0/gems/puma-5.6.5/bin/puma:10:in `<top (required)>'
	from /home/ec2-user/.rbenv/versions/3.2.0/bin/puma:25:in `load'
	from /home/ec2-user/.rbenv/versions/3.2.0/bin/puma:25:in `<top (required)>'
	from /home/ec2-user/.rbenv/versions/3.2.0/lib/ruby/gems/3.2.0/gems/bundler-2.4.12/lib/bundler/cli/exec.rb:58:in `load'
	from /home/ec2-user/.rbenv/versions/3.2.0/lib/ruby/gems/3.2.0/gems/bundler-2.4.12/lib/bundler/cli/exec.rb:58:in `kernel_load'
	from /home/ec2-user/.rbenv/versions/3.2.0/lib/ruby/gems/3.2.0/gems/bundler-2.4.12/lib/bundler/cli/exec.rb:23:in `run'
	from /home/ec2-user/.rbenv/versions/3.2.0/lib/ruby/gems/3.2.0/gems/bundler-2.4.12/lib/bundler/cli.rb:492:in `exec'
	from /home/ec2-user/.rbenv/versions/3.2.0/lib/ruby/gems/3.2.0/gems/bundler-2.4.12/lib/bundler/vendor/thor/lib/thor/command.rb:27:in `run'
	from /home/ec2-user/.rbenv/versions/3.2.0/lib/ruby/gems/3.2.0/gems/bundler-2.4.12/lib/bundler/vendor/thor/lib/thor/invocation.rb:127:in `invoke_command'
	from /home/ec2-user/.rbenv/versions/3.2.0/lib/ruby/gems/3.2.0/gems/bundler-2.4.12/lib/bundler/vendor/thor/lib/thor.rb:392:in `dispatch'
	from /home/ec2-user/.rbenv/versions/3.2.0/lib/ruby/gems/3.2.0/gems/bundler-2.4.12/lib/bundler/cli.rb:34:in `dispatch'
	from /home/ec2-user/.rbenv/versions/3.2.0/lib/ruby/gems/3.2.0/gems/bundler-2.4.12/lib/bundler/vendor/thor/lib/thor/base.rb:485:in `start'
	from /home/ec2-user/.rbenv/versions/3.2.0/lib/ruby/gems/3.2.0/gems/bundler-2.4.12/lib/bundler/cli.rb:28:in `start'
	from /home/ec2-user/.rbenv/versions/3.2.0/lib/ruby/gems/3.2.0/gems/bundler-2.4.12/exe/bundle:45:in `block in <top (required)>'
	from /home/ec2-user/.rbenv/versions/3.2.0/lib/ruby/gems/3.2.0/gems/bundler-2.4.12/lib/bundler/friendly_errors.rb:117:in `with_friendly_errors'
	from /home/ec2-user/.rbenv/versions/3.2.0/lib/ruby/gems/3.2.0/gems/bundler-2.4.12/exe/bundle:33:in `<top (required)>'
	from /home/ec2-user/.rbenv/versions/3.2.0/bin/bundle:25:in `load'
	from /home/ec2-user/.rbenv/versions/3.2.0/bin/bundle:25:in `<main>'
=== puma startup: 2023-06-14 08:31:23 +0000 ===
bundler: failed to load command: puma (/home/ec2-user/.rbenv/versions/3.2.0/bin/puma)
/home/ec2-user/.rbenv/versions/3.2.0/lib/ruby/gems/3.2.0/gems/puma-5.6.5/lib/puma/launcher.rb:259:in `write': No such file or directory @ rb_sysopen - /home/ec2-user/RealWorld/shared/pids/puma.pid (Errno::ENOENT)
	from /home/ec2-user/.rbenv/versions/3.2.0/lib/ruby/gems/3.2.0/gems/puma-5.6.5/lib/puma/launcher.rb:259:in `write_pid'
	from /home/ec2-user/.rbenv/versions/3.2.0/lib/ruby/gems/3.2.0/gems/puma-5.6.5/lib/puma/launcher.rb:112:in `write_state'
	from /home/ec2-user/.rbenv/versions/3.2.0/lib/ruby/gems/3.2.0/gems/puma-5.6.5/lib/puma/cluster.rb:406:in `run'
	from /home/ec2-user/.rbenv/versions/3.2.0/lib/ruby/gems/3.2.0/gems/puma-5.6.5/lib/puma/launcher.rb:193:in `run'
	from /home/ec2-user/.rbenv/versions/3.2.0/lib/ruby/gems/3.2.0/gems/puma-5.6.5/lib/puma/cli.rb:81:in `run'
	from /home/ec2-user/.rbenv/versions/3.2.0/lib/ruby/gems/3.2.0/gems/puma-5.6.5/bin/puma:10:in `<top (required)>'
	from /home/ec2-user/.rbenv/versions/3.2.0/bin/puma:25:in `load'
	from /home/ec2-user/.rbenv/versions/3.2.0/bin/puma:25:in `<top (required)>'
	from /home/ec2-user/.rbenv/versions/3.2.0/lib/ruby/gems/3.2.0/gems/bundler-2.4.12/lib/bundler/cli/exec.rb:58:in `load'
	from /home/ec2-user/.rbenv/versions/3.2.0/lib/ruby/gems/3.2.0/gems/bundler-2.4.12/lib/bundler/cli/exec.rb:58:in `kernel_load'
	from /home/ec2-user/.rbenv/versions/3.2.0/lib/ruby/gems/3.2.0/gems/bundler-2.4.12/lib/bundler/cli/exec.rb:23:in `run'
	from /home/ec2-user/.rbenv/versions/3.2.0/lib/ruby/gems/3.2.0/gems/bundler-2.4.12/lib/bundler/cli.rb:492:in `exec'
	from /home/ec2-user/.rbenv/versions/3.2.0/lib/ruby/gems/3.2.0/gems/bundler-2.4.12/lib/bundler/vendor/thor/lib/thor/command.rb:27:in `run'
	from /home/ec2-user/.rbenv/versions/3.2.0/lib/ruby/gems/3.2.0/gems/bundler-2.4.12/lib/bundler/vendor/thor/lib/thor/invocation.rb:127:in `invoke_command'
	from /home/ec2-user/.rbenv/versions/3.2.0/lib/ruby/gems/3.2.0/gems/bundler-2.4.12/lib/bundler/vendor/thor/lib/thor.rb:392:in `dispatch'
	from /home/ec2-user/.rbenv/versions/3.2.0/lib/ruby/gems/3.2.0/gems/bundler-2.4.12/lib/bundler/cli.rb:34:in `dispatch'
	from /home/ec2-user/.rbenv/versions/3.2.0/lib/ruby/gems/3.2.0/gems/bundler-2.4.12/lib/bundler/vendor/thor/lib/thor/base.rb:485:in `start'
	from /home/ec2-user/.rbenv/versions/3.2.0/lib/ruby/gems/3.2.0/gems/bundler-2.4.12/lib/bundler/cli.rb:28:in `start'
	from /home/ec2-user/.rbenv/versions/3.2.0/lib/ruby/gems/3.2.0/gems/bundler-2.4.12/exe/bundle:45:in `block in <top (required)>'
	from /home/ec2-user/.rbenv/versions/3.2.0/lib/ruby/gems/3.2.0/gems/bundler-2.4.12/lib/bundler/friendly_errors.rb:117:in `with_friendly_errors'
	from /home/ec2-user/.rbenv/versions/3.2.0/lib/ruby/gems/3.2.0/gems/bundler-2.4.12/exe/bundle:33:in `<top (required)>'
	from /home/ec2-user/.rbenv/versions/3.2.0/bin/bundle:25:in `load'
	from /home/ec2-user/.rbenv/versions/3.2.0/bin/bundle:25:in `<main>'
=== puma startup: 2023-06-14 08:31:24 +0000 ===
bundler: failed to load command: puma (/home/ec2-user/.rbenv/versions/3.2.0/bin/puma)
/home/ec2-user/.rbenv/versions/3.2.0/lib/ruby/gems/3.2.0/gems/puma-5.6.5/lib/puma/launcher.rb:259:in `write': No such file or directory @ rb_sysopen - /home/ec2-user/RealWorld/shared/pids/puma.pid (Errno::ENOENT)
	from /home/ec2-user/.rbenv/versions/3.2.0/lib/ruby/gems/3.2.0/gems/puma-5.6.5/lib/puma/launcher.rb:259:in `write_pid'
	from /home/ec2-user/.rbenv/versions/3.2.0/lib/ruby/gems/3.2.0/gems/puma-5.6.5/lib/puma/launcher.rb:112:in `write_state'
	from /home/ec2-user/.rbenv/versions/3.2.0/lib/ruby/gems/3.2.0/gems/puma-5.6.5/lib/puma/cluster.rb:406:in `run'
	from /home/ec2-user/.rbenv/versions/3.2.0/lib/ruby/gems/3.2.0/gems/puma-5.6.5/lib/puma/launcher.rb:193:in `run'
	from /home/ec2-user/.rbenv/versions/3.2.0/lib/ruby/gems/3.2.0/gems/puma-5.6.5/lib/puma/cli.rb:81:in `run'
	from /home/ec2-user/.rbenv/versions/3.2.0/lib/ruby/gems/3.2.0/gems/puma-5.6.5/bin/puma:10:in `<top (required)>'
	from /home/ec2-user/.rbenv/versions/3.2.0/bin/puma:25:in `load'
	from /home/ec2-user/.rbenv/versions/3.2.0/bin/puma:25:in `<top (required)>'
	from /home/ec2-user/.rbenv/versions/3.2.0/lib/ruby/gems/3.2.0/gems/bundler-2.4.12/lib/bundler/cli/exec.rb:58:in `load'
	from /home/ec2-user/.rbenv/versions/3.2.0/lib/ruby/gems/3.2.0/gems/bundler-2.4.12/lib/bundler/cli/exec.rb:58:in `kernel_load'
	from /home/ec2-user/.rbenv/versions/3.2.0/lib/ruby/gems/3.2.0/gems/bundler-2.4.12/lib/bundler/cli/exec.rb:23:in `run'
	from /home/ec2-user/.rbenv/versions/3.2.0/lib/ruby/gems/3.2.0/gems/bundler-2.4.12/lib/bundler/cli.rb:492:in `exec'
	from /home/ec2-user/.rbenv/versions/3.2.0/lib/ruby/gems/3.2.0/gems/bundler-2.4.12/lib/bundler/vendor/thor/lib/thor/command.rb:27:in `run'
	from /home/ec2-user/.rbenv/versions/3.2.0/lib/ruby/gems/3.2.0/gems/bundler-2.4.12/lib/bundler/vendor/thor/lib/thor/invocation.rb:127:in `invoke_command'
	from /home/ec2-user/.rbenv/versions/3.2.0/lib/ruby/gems/3.2.0/gems/bundler-2.4.12/lib/bundler/vendor/thor/lib/thor.rb:392:in `dispatch'
	from /home/ec2-user/.rbenv/versions/3.2.0/lib/ruby/gems/3.2.0/gems/bundler-2.4.12/lib/bundler/cli.rb:34:in `dispatch'
	from /home/ec2-user/.rbenv/versions/3.2.0/lib/ruby/gems/3.2.0/gems/bundler-2.4.12/lib/bundler/vendor/thor/lib/thor/base.rb:485:in `start'
	from /home/ec2-user/.rbenv/versions/3.2.0/lib/ruby/gems/3.2.0/gems/bundler-2.4.12/lib/bundler/cli.rb:28:in `start'
	from /home/ec2-user/.rbenv/versions/3.2.0/lib/ruby/gems/3.2.0/gems/bundler-2.4.12/exe/bundle:45:in `block in <top (required)>'
	from /home/ec2-user/.rbenv/versions/3.2.0/lib/ruby/gems/3.2.0/gems/bundler-2.4.12/lib/bundler/friendly_errors.rb:117:in `with_friendly_errors'
	from /home/ec2-user/.rbenv/versions/3.2.0/lib/ruby/gems/3.2.0/gems/bundler-2.4.12/exe/bundle:33:in `<top (required)>'
	from /home/ec2-user/.rbenv/versions/3.2.0/bin/bundle:25:in `load'
	from /home/ec2-user/.rbenv/versions/3.2.0/bin/bundle:25:in `<main>'
=== puma startup: 2023-06-14 08:31:25 +0000 ===
bundler: failed to load command: puma (/home/ec2-user/.rbenv/versions/3.2.0/bin/puma)
/home/ec2-user/.rbenv/versions/3.2.0/lib/ruby/gems/3.2.0/gems/puma-5.6.5/lib/puma/launcher.rb:259:in `write': No such file or directory @ rb_sysopen - /home/ec2-user/RealWorld/shared/pids/puma.pid (Errno::ENOENT)
	from /home/ec2-user/.rbenv/versions/3.2.0/lib/ruby/gems/3.2.0/gems/puma-5.6.5/lib/puma/launcher.rb:259:in `write_pid'
	from /home/ec2-user/.rbenv/versions/3.2.0/lib/ruby/gems/3.2.0/gems/puma-5.6.5/lib/puma/launcher.rb:112:in `write_state'
	from /home/ec2-user/.rbenv/versions/3.2.0/lib/ruby/gems/3.2.0/gems/puma-5.6.5/lib/puma/cluster.rb:406:in `run'
	from /home/ec2-user/.rbenv/versions/3.2.0/lib/ruby/gems/3.2.0/gems/puma-5.6.5/lib/puma/launcher.rb:193:in `run'
	from /home/ec2-user/.rbenv/versions/3.2.0/lib/ruby/gems/3.2.0/gems/puma-5.6.5/lib/puma/cli.rb:81:in `run'
	from /home/ec2-user/.rbenv/versions/3.2.0/lib/ruby/gems/3.2.0/gems/puma-5.6.5/bin/puma:10:in `<top (required)>'
	from /home/ec2-user/.rbenv/versions/3.2.0/bin/puma:25:in `load'
	from /home/ec2-user/.rbenv/versions/3.2.0/bin/puma:25:in `<top (required)>'
	from /home/ec2-user/.rbenv/versions/3.2.0/lib/ruby/gems/3.2.0/gems/bundler-2.4.12/lib/bundler/cli/exec.rb:58:in `load'
	from /home/ec2-user/.rbenv/versions/3.2.0/lib/ruby/gems/3.2.0/gems/bundler-2.4.12/lib/bundler/cli/exec.rb:58:in `kernel_load'
	from /home/ec2-user/.rbenv/versions/3.2.0/lib/ruby/gems/3.2.0/gems/bundler-2.4.12/lib/bundler/cli/exec.rb:23:in `run'
	from /home/ec2-user/.rbenv/versions/3.2.0/lib/ruby/gems/3.2.0/gems/bundler-2.4.12/lib/bundler/cli.rb:492:in `exec'
	from /home/ec2-user/.rbenv/versions/3.2.0/lib/ruby/gems/3.2.0/gems/bundler-2.4.12/lib/bundler/vendor/thor/lib/thor/command.rb:27:in `run'
	from /home/ec2-user/.rbenv/versions/3.2.0/lib/ruby/gems/3.2.0/gems/bundler-2.4.12/lib/bundler/vendor/thor/lib/thor/invocation.rb:127:in `invoke_command'
	from /home/ec2-user/.rbenv/versions/3.2.0/lib/ruby/gems/3.2.0/gems/bundler-2.4.12/lib/bundler/vendor/thor/lib/thor.rb:392:in `dispatch'
	from /home/ec2-user/.rbenv/versions/3.2.0/lib/ruby/gems/3.2.0/gems/bundler-2.4.12/lib/bundler/cli.rb:34:in `dispatch'
	from /home/ec2-user/.rbenv/versions/3.2.0/lib/ruby/gems/3.2.0/gems/bundler-2.4.12/lib/bundler/vendor/thor/lib/thor/base.rb:485:in `start'
	from /home/ec2-user/.rbenv/versions/3.2.0/lib/ruby/gems/3.2.0/gems/bundler-2.4.12/lib/bundler/cli.rb:28:in `start'
	from /home/ec2-user/.rbenv/versions/3.2.0/lib/ruby/gems/3.2.0/gems/bundler-2.4.12/exe/bundle:45:in `block in <top (required)>'
	from /home/ec2-user/.rbenv/versions/3.2.0/lib/ruby/gems/3.2.0/gems/bundler-2.4.12/lib/bundler/friendly_errors.rb:117:in `with_friendly_errors'
	from /home/ec2-user/.rbenv/versions/3.2.0/lib/ruby/gems/3.2.0/gems/bundler-2.4.12/exe/bundle:33:in `<top (required)>'
	from /home/ec2-user/.rbenv/versions/3.2.0/bin/bundle:25:in `load'
	from /home/ec2-user/.rbenv/versions/3.2.0/bin/bundle:25:in `<main>'
=== puma startup: 2023-06-14 08:31:25 +0000 ===
bundler: failed to load command: puma (/home/ec2-user/.rbenv/versions/3.2.0/bin/puma)
/home/ec2-user/.rbenv/versions/3.2.0/lib/ruby/gems/3.2.0/gems/puma-5.6.5/lib/puma/launcher.rb:259:in `write': No such file or directory @ rb_sysopen - /home/ec2-user/RealWorld/shared/pids/puma.pid (Errno::ENOENT)
	from /home/ec2-user/.rbenv/versions/3.2.0/lib/ruby/gems/3.2.0/gems/puma-5.6.5/lib/puma/launcher.rb:259:in `write_pid'
	from /home/ec2-user/.rbenv/versions/3.2.0/lib/ruby/gems/3.2.0/gems/puma-5.6.5/lib/puma/launcher.rb:112:in `write_state'
	from /home/ec2-user/.rbenv/versions/3.2.0/lib/ruby/gems/3.2.0/gems/puma-5.6.5/lib/puma/cluster.rb:406:in `run'
	from /home/ec2-user/.rbenv/versions/3.2.0/lib/ruby/gems/3.2.0/gems/puma-5.6.5/lib/puma/launcher.rb:193:in `run'
	from /home/ec2-user/.rbenv/versions/3.2.0/lib/ruby/gems/3.2.0/gems/puma-5.6.5/lib/puma/cli.rb:81:in `run'
	from /home/ec2-user/.rbenv/versions/3.2.0/lib/ruby/gems/3.2.0/gems/puma-5.6.5/bin/puma:10:in `<top (required)>'
	from /home/ec2-user/.rbenv/versions/3.2.0/bin/puma:25:in `load'
	from /home/ec2-user/.rbenv/versions/3.2.0/bin/puma:25:in `<top (required)>'
	from /home/ec2-user/.rbenv/versions/3.2.0/lib/ruby/gems/3.2.0/gems/bundler-2.4.12/lib/bundler/cli/exec.rb:58:in `load'
	from /home/ec2-user/.rbenv/versions/3.2.0/lib/ruby/gems/3.2.0/gems/bundler-2.4.12/lib/bundler/cli/exec.rb:58:in `kernel_load'
	from /home/ec2-user/.rbenv/versions/3.2.0/lib/ruby/gems/3.2.0/gems/bundler-2.4.12/lib/bundler/cli/exec.rb:23:in `run'
	from /home/ec2-user/.rbenv/versions/3.2.0/lib/ruby/gems/3.2.0/gems/bundler-2.4.12/lib/bundler/cli.rb:492:in `exec'
	from /home/ec2-user/.rbenv/versions/3.2.0/lib/ruby/gems/3.2.0/gems/bundler-2.4.12/lib/bundler/vendor/thor/lib/thor/command.rb:27:in `run'
	from /home/ec2-user/.rbenv/versions/3.2.0/lib/ruby/gems/3.2.0/gems/bundler-2.4.12/lib/bundler/vendor/thor/lib/thor/invocation.rb:127:in `invoke_command'
	from /home/ec2-user/.rbenv/versions/3.2.0/lib/ruby/gems/3.2.0/gems/bundler-2.4.12/lib/bundler/vendor/thor/lib/thor.rb:392:in `dispatch'
	from /home/ec2-user/.rbenv/versions/3.2.0/lib/ruby/gems/3.2.0/gems/bundler-2.4.12/lib/bundler/cli.rb:34:in `dispatch'
	from /home/ec2-user/.rbenv/versions/3.2.0/lib/ruby/gems/3.2.0/gems/bundler-2.4.12/lib/bundler/vendor/thor/lib/thor/base.rb:485:in `start'
	from /home/ec2-user/.rbenv/versions/3.2.0/lib/ruby/gems/3.2.0/gems/bundler-2.4.12/lib/bundler/cli.rb:28:in `start'
	from /home/ec2-user/.rbenv/versions/3.2.0/lib/ruby/gems/3.2.0/gems/bundler-2.4.12/exe/bundle:45:in `block in <top (required)>'
	from /home/ec2-user/.rbenv/versions/3.2.0/lib/ruby/gems/3.2.0/gems/bundler-2.4.12/lib/bundler/friendly_errors.rb:117:in `with_friendly_errors'
	from /home/ec2-user/.rbenv/versions/3.2.0/lib/ruby/gems/3.2.0/gems/bundler-2.4.12/exe/bundle:33:in `<top (required)>'
	from /home/ec2-user/.rbenv/versions/3.2.0/bin/bundle:25:in `load'
	from /home/ec2-user/.rbenv/versions/3.2.0/bin/bundle:25:in `<main>'
=== puma startup: 2023-06-14 08:31:26 +0000 ===
bundler: failed to load command: puma (/home/ec2-user/.rbenv/versions/3.2.0/bin/puma)
/home/ec2-user/.rbenv/versions/3.2.0/lib/ruby/gems/3.2.0/gems/puma-5.6.5/lib/puma/launcher.rb:259:in `write': No such file or directory @ rb_sysopen - /home/ec2-user/RealWorld/shared/pids/puma.pid (Errno::ENOENT)
	from /home/ec2-user/.rbenv/versions/3.2.0/lib/ruby/gems/3.2.0/gems/puma-5.6.5/lib/puma/launcher.rb:259:in `write_pid'
	from /home/ec2-user/.rbenv/versions/3.2.0/lib/ruby/gems/3.2.0/gems/puma-5.6.5/lib/puma/launcher.rb:112:in `write_state'
	from /home/ec2-user/.rbenv/versions/3.2.0/lib/ruby/gems/3.2.0/gems/puma-5.6.5/lib/puma/cluster.rb:406:in `run'
	from /home/ec2-user/.rbenv/versions/3.2.0/lib/ruby/gems/3.2.0/gems/puma-5.6.5/lib/puma/launcher.rb:193:in `run'
	from /home/ec2-user/.rbenv/versions/3.2.0/lib/ruby/gems/3.2.0/gems/puma-5.6.5/lib/puma/cli.rb:81:in `run'
	from /home/ec2-user/.rbenv/versions/3.2.0/lib/ruby/gems/3.2.0/gems/puma-5.6.5/bin/puma:10:in `<top (required)>'
	from /home/ec2-user/.rbenv/versions/3.2.0/bin/puma:25:in `load'
	from /home/ec2-user/.rbenv/versions/3.2.0/bin/puma:25:in `<top (required)>'
	from /home/ec2-user/.rbenv/versions/3.2.0/lib/ruby/gems/3.2.0/gems/bundler-2.4.12/lib/bundler/cli/exec.rb:58:in `load'
	from /home/ec2-user/.rbenv/versions/3.2.0/lib/ruby/gems/3.2.0/gems/bundler-2.4.12/lib/bundler/cli/exec.rb:58:in `kernel_load'
	from /home/ec2-user/.rbenv/versions/3.2.0/lib/ruby/gems/3.2.0/gems/bundler-2.4.12/lib/bundler/cli/exec.rb:23:in `run'
	from /home/ec2-user/.rbenv/versions/3.2.0/lib/ruby/gems/3.2.0/gems/bundler-2.4.12/lib/bundler/cli.rb:492:in `exec'
	from /home/ec2-user/.rbenv/versions/3.2.0/lib/ruby/gems/3.2.0/gems/bundler-2.4.12/lib/bundler/vendor/thor/lib/thor/command.rb:27:in `run'
	from /home/ec2-user/.rbenv/versions/3.2.0/lib/ruby/gems/3.2.0/gems/bundler-2.4.12/lib/bundler/vendor/thor/lib/thor/invocation.rb:127:in `invoke_command'
	from /home/ec2-user/.rbenv/versions/3.2.0/lib/ruby/gems/3.2.0/gems/bundler-2.4.12/lib/bundler/vendor/thor/lib/thor.rb:392:in `dispatch'
	from /home/ec2-user/.rbenv/versions/3.2.0/lib/ruby/gems/3.2.0/gems/bundler-2.4.12/lib/bundler/cli.rb:34:in `dispatch'
	from /home/ec2-user/.rbenv/versions/3.2.0/lib/ruby/gems/3.2.0/gems/bundler-2.4.12/lib/bundler/vendor/thor/lib/thor/base.rb:485:in `start'
	from /home/ec2-user/.rbenv/versions/3.2.0/lib/ruby/gems/3.2.0/gems/bundler-2.4.12/lib/bundler/cli.rb:28:in `start'
	from /home/ec2-user/.rbenv/versions/3.2.0/lib/ruby/gems/3.2.0/gems/bundler-2.4.12/exe/bundle:45:in `block in <top (required)>'
	from /home/ec2-user/.rbenv/versions/3.2.0/lib/ruby/gems/3.2.0/gems/bundler-2.4.12/lib/bundler/friendly_errors.rb:117:in `with_friendly_errors'
	from /home/ec2-user/.rbenv/versions/3.2.0/lib/ruby/gems/3.2.0/gems/bundler-2.4.12/exe/bundle:33:in `<top (required)>'
	from /home/ec2-user/.rbenv/versions/3.2.0/bin/bundle:25:in `load'
	from /home/ec2-user/.rbenv/versions/3.2.0/bin/bundle:25:in `<main>'
=== puma startup: 2023-06-14 08:46:15 +0000 ===
=== puma startup: 2023-06-14 08:47:53 +0000 ===
=== puma startup: 2023-06-14 12:40:02 +0000 ===
=== puma startup: 2023-06-14 12:42:09 +0000 ===
=== puma startup: 2023-06-14 12:42:34 +0000 ===
=== puma startup: 2023-06-14 12:44:53 +0000 ===
=== puma startup: 2023-06-14 12:44:58 +0000 ===
=== puma startup: 2023-06-14 12:45:03 +0000 ===
=== puma startup: 2023-06-14 12:46:44 +0000 ===
=== puma startup: 2023-06-14 12:49:04 +0000 ===
=== puma startup: 2023-06-14 12:52:12 +0000 ===
=== puma startup: 2023-06-14 12:52:23 +0000 ===
=== puma startup: 2023-06-14 12:53:57 +0000 ===
=== puma startup: 2023-06-15 06:59:16 +0000 ===
=== puma startup: 2023-06-15 07:00:46 +0000 ===
=== puma startup: 2023-06-15 07:13:49 +0000 ===
=== puma startup: 2023-06-15 07:17:32 +0000 ===
=== puma startup: 2023-06-15 07:47:27 +0000 ===
=== puma startup: 2023-06-15 08:45:14 +0000 ===
=== puma startup: 2023-06-15 08:49:02 +0000 ===
=== puma startup: 2023-06-15 08:55:34 +0000 ===
=== puma startup: 2023-06-15 08:56:42 +0000 ===
=== puma startup: 2023-06-16 09:32:12 +0000 ===
