current directory: /home/ec2-user/RealWorld/shared/bundle/ruby/3.2.0/gems/puma-5.6.5/ext/puma_http11
/home/ec2-user/.rbenv/versions/3.2.0/bin/ruby -I /home/ec2-user/.rbenv/versions/3.2.0/lib/ruby/3.2.0 extconf.rb
using OpenSSL pkgconfig (openssl.pc)
checking for openssl/bio.h... yes
checking for DTLS_method() in openssl/ssl.h... yes
checking for TLS_server_method() in openssl/ssl.h... yes
checking for SSL_CTX_set_min_proto_version(NULL, 0) in openssl/ssl.h... yes
checking for X509_STORE_up_ref()... yes
checking for SSL_CTX_set_ecdh_auto(NULL, 0) in openssl/ssl.h... yes
checking for SSL_CTX_set_dh_auto(NULL, 0) in openssl/ssl.h... yes
checking for SSL_get1_peer_certificate() in openssl/ssl.h... yes
checking for Random.bytes... yes
creating Makefile

current directory: /home/ec2-user/RealWorld/shared/bundle/ruby/3.2.0/gems/puma-5.6.5/ext/puma_http11
make DESTDIR\= sitearchdir\=./.gem.20230613-77521-gwxmy7 sitelibdir\=./.gem.20230613-77521-gwxmy7 clean

current directory: /home/ec2-user/RealWorld/shared/bundle/ruby/3.2.0/gems/puma-5.6.5/ext/puma_http11
make DESTDIR\= sitearchdir\=./.gem.20230613-77521-gwxmy7 sitelibdir\=./.gem.20230613-77521-gwxmy7
compiling http11_parser.c
compiling mini_ssl.c
compiling puma_http11.c
linking shared-object puma/puma_http11.so

current directory: /home/ec2-user/RealWorld/shared/bundle/ruby/3.2.0/gems/puma-5.6.5/ext/puma_http11
make DESTDIR\= sitearchdir\=./.gem.20230613-77521-gwxmy7 sitelibdir\=./.gem.20230613-77521-gwxmy7 install
/usr/bin/install -c -m 0755 puma_http11.so ./.gem.20230613-77521-gwxmy7/puma

current directory: /home/ec2-user/RealWorld/shared/bundle/ruby/3.2.0/gems/puma-5.6.5/ext/puma_http11
make DESTDIR\= sitearchdir\=./.gem.20230613-77521-gwxmy7 sitelibdir\=./.gem.20230613-77521-gwxmy7 clean
